2022-07-19 11:15:01,088 - __main__ - INFO - Token value: Token not available!
2022-07-19 11:15:01,760 - __main__ - INFO - Weather in Berlin: 30.32
2022-07-19 10:09:58,525 - __main__ - INFO - Token value: 1234
2022-07-19 10:09:58,949 - __main__ - INFO - Weather in Berlin: 32.56
2022-07-19 12:17:50,405 - __main__ - INFO - Token value: 1234
2022-07-19 12:17:50,875 - __main__ - INFO - Weather in Berlin: 33.66
2022-07-19 14:09:00,868 - __main__ - INFO - Token value: 1234
2022-07-19 14:09:01,435 - __main__ - INFO - Weather in Berlin: 34.86
2022-07-19 16:12:16,906 - __main__ - INFO - Token value: 1234
2022-07-19 16:12:17,306 - __main__ - INFO - Weather in Berlin: 34.28
2022-07-19 18:10:53,682 - __main__ - INFO - Token value: 1234
2022-07-19 18:10:53,844 - __main__ - INFO - Weather in Berlin: 31.9
2022-07-19 20:09:35,027 - __main__ - INFO - Token value: 1234
2022-07-19 20:09:35,139 - __main__ - INFO - Weather in Berlin: 27.52
2022-07-19 22:09:04,334 - __main__ - INFO - Token value: 1234
2022-07-19 22:09:04,912 - __main__ - INFO - Weather in Berlin: 25.4
2022-07-20 00:46:12,649 - __main__ - INFO - Token value: 1234
2022-07-20 00:46:13,296 - __main__ - INFO - Weather in Berlin: 24.18
2022-07-20 03:36:18,748 - __main__ - INFO - Token value: 1234
2022-07-20 03:36:18,916 - __main__ - INFO - Weather in Berlin: 22.12
2022-07-20 04:30:43,477 - __main__ - INFO - Token value: 1234
2022-07-20 04:30:43,776 - __main__ - INFO - Weather in Berlin: 21.64
2022-07-20 06:11:40,340 - __main__ - INFO - Token value: 1234
2022-07-20 06:11:41,194 - __main__ - INFO - Weather in Berlin: 24.95
2022-07-20 08:12:25,109 - __main__ - INFO - Token value: 1234
2022-07-20 08:12:25,397 - __main__ - INFO - Weather in Berlin: 30.85
2022-07-20 10:09:27,874 - __main__ - INFO - Token value: 1234
2022-07-20 10:09:28,041 - __main__ - INFO - Weather in Berlin: 35.42
2022-07-20 12:16:14,801 - __main__ - INFO - Token value: 1234
2022-07-20 12:16:15,447 - __main__ - INFO - Weather in Berlin: 36.64
2022-07-20 14:10:42,143 - __main__ - INFO - Token value: 1234
2022-07-20 14:10:42,285 - __main__ - INFO - Weather in Berlin: 37.34
2022-07-20 16:11:32,101 - __main__ - INFO - Token value: 1234
2022-07-20 16:11:32,270 - __main__ - INFO - Weather in Berlin: 36.32
2022-07-20 18:11:08,871 - __main__ - INFO - Token value: 1234
2022-07-20 18:11:09,450 - __main__ - INFO - Weather in Berlin: 35.75
2022-07-20 20:10:07,208 - __main__ - INFO - Token value: 1234
2022-07-20 20:10:07,807 - __main__ - INFO - Weather in Berlin: 29.16
2022-07-20 22:08:32,880 - __main__ - INFO - Token value: 1234
2022-07-20 22:08:33,309 - __main__ - INFO - Weather in Berlin: 27.72
2022-07-21 00:51:04,670 - __main__ - INFO - Token value: 1234
2022-07-21 00:51:04,945 - __main__ - INFO - Weather in Berlin: 25.62
2022-07-21 03:32:21,183 - __main__ - INFO - Token value: 1234
2022-07-21 03:32:21,622 - __main__ - INFO - Weather in Berlin: 24.17
2022-07-21 04:33:49,059 - __main__ - INFO - Token value: 1234
2022-07-21 04:33:49,712 - __main__ - INFO - Weather in Berlin: 23.8
2022-07-21 06:11:40,676 - __main__ - INFO - Token value: 1234
2022-07-21 06:11:41,078 - __main__ - INFO - Weather in Berlin: 24.1
2022-07-21 08:11:51,774 - __main__ - INFO - Token value: 1234
2022-07-21 08:11:51,925 - __main__ - INFO - Weather in Berlin: 26.61
2022-07-21 10:10:48,231 - __main__ - INFO - Token value: 1234
2022-07-21 10:10:48,658 - __main__ - INFO - Weather in Berlin: 29.39
2022-07-21 12:16:51,452 - __main__ - INFO - Token value: 1234
2022-07-21 12:16:52,210 - __main__ - INFO - Weather in Berlin: 29.02
2022-07-21 14:10:13,059 - __main__ - INFO - Token value: 1234
2022-07-21 14:10:13,760 - __main__ - INFO - Weather in Berlin: 24.62
2022-07-21 16:11:48,481 - __main__ - INFO - Token value: 1234
2022-07-21 16:11:49,254 - __main__ - INFO - Weather in Berlin: 24.51
2022-07-21 18:11:19,590 - __main__ - INFO - Token value: 1234
2022-07-21 18:11:19,965 - __main__ - INFO - Weather in Berlin: 25.79
2022-07-21 20:10:30,244 - __main__ - INFO - Token value: 1234
2022-07-21 20:10:30,328 - __main__ - INFO - Weather in Berlin: 22.77
2022-07-25 00:44:39,700 - __main__ - INFO - Token value: 1234
2022-07-25 00:44:40,082 - __main__ - INFO - Weather in Berlin: 19.9
2022-08-01 00:54:12,206 - __main__ - INFO - Token value: 1234
2022-08-01 00:54:12,694 - __main__ - INFO - Weather in Berlin: 20.23
2022-08-08 00:40:42,506 - __main__ - INFO - Token value: 1234
2022-08-08 00:40:42,610 - __main__ - INFO - Weather in Berlin: 16.92
2022-08-15 00:44:48,218 - __main__ - INFO - Token value: 1234
2022-08-15 00:44:48,828 - __main__ - INFO - Weather in Berlin: 22.05
2022-08-22 00:46:22,483 - __main__ - INFO - Token value: 1234
2022-08-22 00:46:22,604 - __main__ - INFO - Weather in Berlin: 16.54
2022-08-29 00:51:03,885 - __main__ - INFO - Token value: 1234
2022-08-29 00:51:04,463 - __main__ - INFO - Weather in Berlin: 13.61
2022-09-05 00:54:44,539 - __main__ - INFO - Token value: 1234
2022-09-05 00:54:45,065 - __main__ - INFO - Weather in Berlin: 15.8
2022-09-12 00:48:56,255 - __main__ - INFO - Token value: 1234
2022-09-12 00:48:56,362 - __main__ - INFO - Weather in Berlin: 12.68
2022-09-19 00:51:28,986 - __main__ - INFO - Token value: 1234
2022-09-19 00:51:29,073 - __main__ - INFO - Weather in Berlin: 8.79
2022-09-26 00:54:36,285 - __main__ - INFO - Token value: 1234
2022-09-26 00:54:36,670 - __main__ - INFO - Weather in Berlin: 11.75
2022-10-03 00:53:53,511 - __main__ - INFO - Token value: 1234
2022-10-03 00:53:54,115 - __main__ - INFO - Weather in Berlin: 11.07
2022-10-10 00:59:22,592 - __main__ - INFO - Token value: 1234
2022-10-10 00:59:22,684 - __main__ - INFO - Weather in Berlin: 7.73
2022-10-17 01:03:34,041 - __main__ - INFO - Token value: 1234
2022-10-17 01:03:34,808 - __main__ - INFO - Weather in Berlin: 13.02
2022-10-24 01:05:23,964 - __main__ - INFO - Token value: 1234
2022-10-24 01:05:24,197 - __main__ - INFO - Weather in Berlin: 13.27
2022-10-31 00:56:50,347 - __main__ - INFO - Token value: 1234
2022-10-31 00:56:50,781 - __main__ - INFO - Weather in Berlin: 13.45
2022-11-07 00:46:30,914 - __main__ - INFO - Token value: 1234
2022-11-07 00:46:31,482 - __main__ - INFO - Weather in Berlin: 6.9
2022-11-14 00:42:53,014 - __main__ - INFO - Token value: 1234
2022-11-14 00:42:53,136 - __main__ - INFO - Weather in Berlin: 6.58
2022-11-21 00:44:54,383 - __main__ - INFO - Token value: 1234
2022-11-21 00:44:54,891 - __main__ - INFO - Weather in Berlin: -1.89
2022-11-28 00:38:10,868 - __main__ - INFO - Token value: 1234
2022-11-28 00:38:10,962 - __main__ - INFO - Weather in Berlin: 4.03
2022-12-05 00:37:36,747 - __main__ - INFO - Token value: 1234
2022-12-05 00:37:37,346 - __main__ - INFO - Weather in Berlin: 2.48
2022-12-12 00:40:48,194 - __main__ - INFO - Token value: 1234
2022-12-12 00:40:48,347 - __main__ - INFO - Weather in Berlin: -1.51
2022-12-19 00:34:22,668 - __main__ - INFO - Token value: 1234
2022-12-19 00:34:23,349 - __main__ - INFO - Weather in Berlin: -4.73
2022-12-26 00:37:57,455 - __main__ - INFO - Token value: 1234
2022-12-26 00:37:58,555 - __main__ - INFO - Weather in Berlin: 8.58
2023-01-02 00:37:45,571 - __main__ - INFO - Token value: 1234
2023-01-02 00:37:46,198 - __main__ - INFO - Weather in Berlin: 11.86
2023-01-09 00:37:48,669 - __main__ - INFO - Token value: 1234
2023-01-09 00:37:49,006 - __main__ - INFO - Weather in Berlin: 5.01
2023-01-16 00:38:39,973 - __main__ - INFO - Token value: 1234
2023-01-16 00:38:40,358 - __main__ - INFO - Weather in Berlin: 4.9
2023-01-23 00:37:11,897 - __main__ - INFO - Token value: 1234
2023-01-23 00:37:12,431 - __main__ - INFO - Weather in Berlin: 1.65
2023-01-30 00:35:30,776 - __main__ - INFO - Token value: 1234
2023-01-30 00:35:31,351 - __main__ - INFO - Weather in Berlin: 1.63
2023-02-06 00:37:40,919 - __main__ - INFO - Token value: 1234
2023-02-06 00:37:41,397 - __main__ - INFO - Weather in Berlin: -2.01
2023-02-13 00:41:55,645 - __main__ - INFO - Token value: 1234
2023-02-13 00:41:56,334 - __main__ - INFO - Weather in Berlin: 7.16
2023-02-20 00:42:40,136 - __main__ - INFO - Token value: 1234
2023-02-20 00:42:40,714 - __main__ - INFO - Weather in Berlin: 2.39
2023-02-27 00:41:12,914 - __main__ - INFO - Token value: 1234
2023-02-27 00:41:13,506 - __main__ - INFO - Weather in Berlin: -1.34
2023-03-06 00:41:41,381 - __main__ - INFO - Token value: 1234
2023-03-06 00:41:41,518 - __main__ - INFO - Weather in Berlin: 0.94
2023-03-13 00:39:58,538 - __main__ - INFO - Token value: 1234
2023-03-13 00:39:58,984 - __main__ - INFO - Weather in Berlin: 5.94
2023-03-20 00:40:52,346 - __main__ - INFO - Token value: 1234
2023-03-20 00:40:52,864 - __main__ - INFO - Weather in Berlin: 10.36
2023-03-27 00:37:03,135 - __main__ - INFO - Token value: 1234
2023-03-27 00:37:03,579 - __main__ - INFO - Weather in Berlin: 4.49
2023-04-03 00:37:03,535 - __main__ - INFO - Token value: 1234
2023-04-03 00:37:03,887 - __main__ - INFO - Weather in Berlin: 1.06
2023-04-10 00:36:03,126 - __main__ - INFO - Token value: 1234
2023-04-10 00:36:03,601 - __main__ - INFO - Weather in Berlin: 6.65
2023-04-17 00:38:11,628 - __main__ - INFO - Token value: 1234
2023-04-17 00:38:11,958 - __main__ - INFO - Weather in Berlin: 7.47
2023-04-24 00:37:25,968 - __main__ - INFO - Token value: 1234
2023-04-24 00:37:26,548 - __main__ - INFO - Weather in Berlin: 11.24
2023-04-27 04:16:53,560 - __main__ - INFO - Token value: 123456
2023-04-27 04:16:54,125 - __main__ - INFO - Weather in Berlin: 5.46
2023-04-27 04:33:14,647 - __main__ - INFO - Token value: 123456
2023-04-27 04:33:15,194 - __main__ - INFO - Weather in Melbourne, AU: 21.55
2023-04-27 04:40:13,693 - __main__ - INFO - Token value: 123456
2023-04-27 04:40:14,122 - __main__ - INFO - Weather in Melbourne, AU: 21.55
2023-04-27 04:47:16,756 - __main__ - INFO - Token value: 123456
2023-04-27 04:47:17,352 - __main__ - INFO - Weather in Melbourne, AU: 22.33
2023-04-27 04:54:26,842 - __main__ - INFO - Token value: 123456
2023-04-27 04:54:27,285 - __main__ - INFO - Weather in Melbourne, AU: 21.55
2023-04-27 05:01:56,878 - __main__ - INFO - Token value: 123456
2023-04-27 05:01:57,232 - __main__ - INFO - Weather in Melbourne, AU: 21.55
2023-04-27 05:11:21,160 - __main__ - INFO - Token value: 123456
2023-04-27 05:11:22,026 - __main__ - INFO - Weather in Melbourne, AU: 21.55
2023-04-27 05:21:15,946 - __main__ - INFO - Token value: 123456
2023-04-27 05:21:16,565 - __main__ - INFO - Weather in Melbourne, AU: 22.37
2023-04-27 05:28:27,584 - __main__ - INFO - Token value: 123456
2023-04-27 05:28:28,120 - __main__ - INFO - Weather in Melbourne, AU: 22.33
2023-04-27 05:35:28,981 - __main__ - INFO - Token value: 123456
2023-04-27 05:35:29,485 - __main__ - INFO - Weather in Melbourne, AU: 22.37
2023-04-27 05:42:41,857 - __main__ - INFO - Token value: 123456
2023-04-27 05:42:42,347 - __main__ - INFO - Weather in Melbourne, AU: 22.33
2023-04-27 05:49:49,583 - __main__ - INFO - Token value: 123456
2023-04-27 05:49:49,829 - __main__ - INFO - Weather in Melbourne, AU: 22.37
2023-04-27 05:56:52,774 - __main__ - INFO - Token value: 123456
2023-04-27 05:56:52,947 - __main__ - INFO - Weather in Melbourne, AU: 22.37
2023-04-27 06:06:06,207 - __main__ - INFO - Token value: 123456
2023-04-27 06:06:06,584 - __main__ - INFO - Weather in Melbourne, AU: 22.49
2023-04-27 06:17:02,770 - __main__ - INFO - Token value: 123456
2023-04-27 06:17:02,954 - __main__ - INFO - Weather in Melbourne, AU: 22.49
2023-04-27 06:28:10,242 - __main__ - INFO - Token value: 123456
2023-04-27 06:28:10,867 - __main__ - INFO - Weather in Melbourne, AU: 22.49
2023-04-27 06:36:13,603 - __main__ - INFO - Token value: 123456
2023-04-27 06:36:14,185 - __main__ - INFO - Weather in Melbourne, AU: 21.94
2023-04-27 06:43:12,977 - __main__ - INFO - Token value: 123456
2023-04-27 06:43:13,599 - __main__ - INFO - Weather in Melbourne, AU: 22.49
2023-04-27 06:50:13,057 - __main__ - INFO - Token value: 123456
2023-04-27 06:50:13,600 - __main__ - INFO - Weather in Melbourne, AU: 21.94
2023-04-27 06:57:21,529 - __main__ - INFO - Token value: 123456
2023-04-27 06:57:22,322 - __main__ - INFO - Weather in Melbourne, AU: 21.94
2023-04-27 07:06:14,068 - __main__ - INFO - Token value: 123456
2023-04-27 07:06:14,354 - __main__ - INFO - Weather in Melbourne, AU: 21.94
2023-04-27 07:16:03,537 - __main__ - INFO - Token value: 123456
2023-04-27 07:16:04,104 - __main__ - INFO - Weather in Melbourne, AU: 21.94
2023-04-27 07:23:12,985 - __main__ - INFO - Token value: 123456
2023-04-27 07:23:13,165 - __main__ - INFO - Weather in Melbourne, AU: 21.94
2023-04-27 07:30:20,955 - __main__ - INFO - Token value: 123456
2023-04-27 07:30:21,565 - __main__ - INFO - Weather in Melbourne, AU: 21.46
2023-04-27 07:37:30,755 - __main__ - INFO - Token value: 123456
2023-04-27 07:37:31,328 - __main__ - INFO - Weather in Melbourne, AU: 21.46
2023-04-27 07:44:31,237 - __main__ - INFO - Token value: 123456
2023-04-27 07:44:31,680 - __main__ - INFO - Weather in Melbourne, AU: 21.46
2023-04-27 07:51:35,679 - __main__ - INFO - Token value: 123456
2023-04-27 07:51:37,290 - __main__ - INFO - Weather in Melbourne, AU: 21.46
2023-04-27 07:58:49,074 - __main__ - INFO - Token value: 123456
2023-04-27 07:58:49,785 - __main__ - INFO - Weather in Melbourne, AU: 21.46
2023-04-27 08:07:52,784 - __main__ - INFO - Token value: 123456
2023-04-27 08:07:53,279 - __main__ - INFO - Weather in Melbourne, AU: 21.46
2023-04-27 08:19:15,873 - __main__ - INFO - Token value: 123456
2023-04-27 08:19:16,589 - __main__ - INFO - Weather in Melbourne, AU: 21.46
2023-04-27 08:28:23,416 - __main__ - INFO - Token value: 123456
2023-04-27 08:28:24,163 - __main__ - INFO - Weather in Melbourne, AU: 21.46
2023-04-27 08:35:23,303 - __main__ - INFO - Token value: 123456
2023-04-27 08:35:23,953 - __main__ - INFO - Weather in Melbourne, AU: 21.46
2023-04-27 08:42:32,907 - __main__ - INFO - Token value: 123456
2023-04-27 08:42:34,112 - __main__ - INFO - Weather in Melbourne, AU: 20.8
2023-04-27 08:49:34,405 - __main__ - INFO - Token value: 123456
2023-04-27 08:49:34,751 - __main__ - INFO - Weather in Melbourne, AU: 20.8
2023-04-27 08:56:34,514 - __main__ - INFO - Token value: 123456
2023-04-27 08:56:34,904 - __main__ - INFO - Weather in Melbourne, AU: 20.69
2023-04-27 09:05:00,898 - __main__ - INFO - Token value: 123456
2023-04-27 09:05:01,364 - __main__ - INFO - Weather in Melbourne, AU: 20.69
2023-04-27 09:14:51,769 - __main__ - INFO - Token value: 123456
2023-04-27 09:14:52,465 - __main__ - INFO - Weather in Melbourne, AU: 20.8
2023-04-27 09:22:38,277 - __main__ - INFO - Token value: 123456
2023-04-27 09:22:38,813 - __main__ - INFO - Weather in Melbourne, AU: 20.69
2023-04-27 09:29:47,029 - __main__ - INFO - Token value: 123456
2023-04-27 09:29:47,637 - __main__ - INFO - Weather in Melbourne, AU: 20.8
2023-04-27 09:36:59,124 - __main__ - INFO - Token value: 123456
2023-04-27 09:36:59,666 - __main__ - INFO - Weather in Melbourne, AU: 20.8
2023-04-27 09:43:57,819 - __main__ - INFO - Token value: 123456
2023-04-27 09:43:58,327 - __main__ - INFO - Weather in Melbourne, AU: 20.69
2023-04-27 09:51:06,232 - __main__ - INFO - Token value: 123456
2023-04-27 09:51:07,327 - __main__ - INFO - Weather in Melbourne, AU: 20.11
2023-04-27 09:58:06,063 - __main__ - INFO - Token value: 123456
2023-04-27 09:58:07,017 - __main__ - INFO - Weather in Melbourne, AU: 20.1
2023-04-27 10:07:15,754 - __main__ - INFO - Token value: 123456
2023-04-27 10:07:17,347 - __main__ - INFO - Weather in Melbourne, AU: 20.11
2023-04-27 10:17:45,991 - __main__ - INFO - Token value: 123456
2023-04-27 10:17:47,303 - __main__ - INFO - Weather in Melbourne, AU: 20.11
2023-04-27 10:27:44,868 - __main__ - INFO - Token value: 123456
2023-04-27 10:27:45,192 - __main__ - INFO - Weather in Melbourne, AU: 20.11
2023-04-27 10:35:01,418 - __main__ - INFO - Token value: 123456
2023-04-27 10:35:01,602 - __main__ - INFO - Weather in Melbourne, AU: 20.1
2023-04-27 10:42:06,467 - __main__ - INFO - Token value: 123456
2023-04-27 10:42:07,076 - __main__ - INFO - Weather in Melbourne, AU: 20.1
2023-04-27 10:49:11,568 - __main__ - INFO - Token value: 123456
2023-04-27 10:49:12,112 - __main__ - INFO - Weather in Melbourne, AU: 20.11
2023-04-27 10:56:15,573 - __main__ - INFO - Token value: 123456
2023-04-27 10:56:16,030 - __main__ - INFO - Weather in Melbourne, AU: 19.6
2023-04-27 11:04:25,789 - __main__ - INFO - Token value: 123456
2023-04-27 11:04:26,326 - __main__ - INFO - Weather in Melbourne, AU: 19.6
2023-04-27 11:13:47,872 - __main__ - INFO - Token value: 123456
2023-04-27 11:13:48,226 - __main__ - INFO - Weather in Melbourne, AU: 19.61
2023-04-27 11:20:53,845 - __main__ - INFO - Token value: 123456
2023-04-27 11:20:54,552 - __main__ - INFO - Weather in Melbourne, AU: 19.6
2023-04-27 11:27:58,879 - __main__ - INFO - Token value: 123456
2023-04-27 11:27:59,908 - __main__ - INFO - Weather in Melbourne, AU: 19.61
2023-04-27 11:35:04,536 - __main__ - INFO - Token value: 123456
2023-04-27 11:35:05,080 - __main__ - INFO - Weather in Melbourne, AU: 19.6
2023-04-27 11:42:05,671 - __main__ - INFO - Token value: 123456
2023-04-27 11:42:05,924 - __main__ - INFO - Weather in Melbourne, AU: 19.6
2023-04-27 11:49:17,331 - __main__ - INFO - Token value: 123456
2023-04-27 11:49:17,841 - __main__ - INFO - Weather in Melbourne, AU: 19.61
2023-04-27 11:56:22,182 - __main__ - INFO - Token value: 123456
2023-04-27 11:56:22,678 - __main__ - INFO - Weather in Melbourne, AU: 19.29
2023-04-27 12:06:02,778 - __main__ - INFO - Token value: 123456
2023-04-27 12:06:03,383 - __main__ - INFO - Weather in Melbourne, AU: 19.29
2023-04-27 12:18:18,257 - __main__ - INFO - Token value: 123456
2023-04-27 12:18:18,870 - __main__ - INFO - Weather in Melbourne, AU: 19.54
2023-04-27 12:33:59,334 - __main__ - INFO - Token value: 123456
2023-04-27 12:33:59,751 - __main__ - INFO - Weather in Melbourne, AU: 19.54
2023-04-27 12:46:20,653 - __main__ - INFO - Token value: 123456
2023-04-27 12:46:21,063 - __main__ - INFO - Weather in Melbourne, AU: 19.54
2023-04-27 12:56:32,930 - __main__ - INFO - Token value: 123456
2023-04-27 12:56:33,142 - __main__ - INFO - Weather in Melbourne, AU: 20.2
2023-04-27 13:06:01,715 - __main__ - INFO - Token value: 123456
2023-04-27 13:06:02,287 - __main__ - INFO - Weather in Melbourne, AU: 20.2
2023-04-27 13:16:49,647 - __main__ - INFO - Token value: 123456
2023-04-27 13:16:49,945 - __main__ - INFO - Weather in Melbourne, AU: 19.54
2023-04-27 13:28:43,443 - __main__ - INFO - Token value: 123456
2023-04-27 13:28:43,652 - __main__ - INFO - Weather in Melbourne, AU: 20.79
2023-04-27 13:36:00,830 - __main__ - INFO - Token value: 123456
2023-04-27 13:36:01,403 - __main__ - INFO - Weather in Melbourne, AU: 20.79
2023-04-27 13:43:02,096 - __main__ - INFO - Token value: 123456
2023-04-27 13:43:02,551 - __main__ - INFO - Weather in Melbourne, AU: 20.2
2023-04-27 13:50:07,679 - __main__ - INFO - Token value: 123456
2023-04-27 13:50:08,162 - __main__ - INFO - Weather in Melbourne, AU: 20.79
2023-04-27 13:57:07,788 - __main__ - INFO - Token value: 123456
2023-04-27 13:57:08,007 - __main__ - INFO - Weather in Melbourne, AU: 20.52
2023-04-27 14:05:34,121 - __main__ - INFO - Token value: 123456
2023-04-27 14:05:34,307 - __main__ - INFO - Weather in Melbourne, AU: 20.79
2023-04-27 14:15:23,084 - __main__ - INFO - Token value: 123456
2023-04-27 14:15:23,546 - __main__ - INFO - Weather in Melbourne, AU: 20.79
2023-04-27 14:24:04,036 - __main__ - INFO - Token value: 123456
2023-04-27 14:24:04,640 - __main__ - INFO - Weather in Melbourne, AU: 20.52
2023-04-27 14:31:09,259 - __main__ - INFO - Token value: 123456
2023-04-27 14:31:09,623 - __main__ - INFO - Weather in Melbourne, AU: 20.52
2023-04-27 14:38:24,896 - __main__ - INFO - Token value: 123456
2023-04-27 14:38:25,467 - __main__ - INFO - Weather in Melbourne, AU: 20.9
2023-04-27 14:45:43,978 - __main__ - INFO - Token value: 123456
2023-04-27 14:45:44,462 - __main__ - INFO - Weather in Melbourne, AU: 20.52
2023-04-27 14:52:50,919 - __main__ - INFO - Token value: 123456
2023-04-27 14:52:51,516 - __main__ - INFO - Weather in Melbourne, AU: 20.9
2023-04-27 15:00:07,025 - __main__ - INFO - Token value: 123456
2023-04-27 15:00:08,409 - __main__ - INFO - Weather in Melbourne, AU: 20.87
2023-04-27 15:09:02,037 - __main__ - INFO - Token value: 123456
2023-04-27 15:09:02,611 - __main__ - INFO - Weather in Melbourne, AU: 20.87
2023-04-27 15:18:41,321 - __main__ - INFO - Token value: 123456
2023-04-27 15:18:41,921 - __main__ - INFO - Weather in Melbourne, AU: 20.87
2023-04-27 15:25:49,719 - __main__ - INFO - Token value: 123456
2023-04-27 15:25:50,300 - __main__ - INFO - Weather in Melbourne, AU: 20.9
2023-04-27 15:33:05,849 - __main__ - INFO - Token value: 123456
2023-04-27 15:33:05,986 - __main__ - INFO - Weather in Melbourne, AU: 20.9
2023-04-27 15:40:14,536 - __main__ - INFO - Token value: 123456
2023-04-27 15:40:15,262 - __main__ - INFO - Weather in Melbourne, AU: 20.5
2023-04-27 15:47:21,632 - __main__ - INFO - Token value: 123456
2023-04-27 15:47:21,791 - __main__ - INFO - Weather in Melbourne, AU: 20.5
2023-04-27 15:54:27,961 - __main__ - INFO - Token value: 123456
2023-04-27 15:54:28,654 - __main__ - INFO - Weather in Melbourne, AU: 20.87
2023-04-27 16:02:14,055 - __main__ - INFO - Token value: 123456
2023-04-27 16:02:14,642 - __main__ - INFO - Weather in Melbourne, AU: 20.5
2023-04-27 16:11:56,151 - __main__ - INFO - Token value: 123456
2023-04-27 16:11:56,304 - __main__ - INFO - Weather in Melbourne, AU: 20.5
2023-04-27 16:23:36,320 - __main__ - INFO - Token value: 123456
2023-04-27 16:23:36,514 - __main__ - INFO - Weather in Melbourne, AU: 20.19
2023-04-27 16:33:01,821 - __main__ - INFO - Token value: 123456
2023-04-27 16:33:02,001 - __main__ - INFO - Weather in Melbourne, AU: 20.5
2023-04-27 16:40:47,579 - __main__ - INFO - Token value: 123456
2023-04-27 16:40:47,793 - __main__ - INFO - Weather in Melbourne, AU: 20.43
2023-04-27 16:47:51,600 - __main__ - INFO - Token value: 123456
2023-04-27 16:47:52,071 - __main__ - INFO - Weather in Melbourne, AU: 20.43
2023-04-27 16:55:02,159 - __main__ - INFO - Token value: 123456
2023-04-27 16:55:02,424 - __main__ - INFO - Weather in Melbourne, AU: 20.19
2023-04-27 17:02:50,819 - __main__ - INFO - Token value: 123456
2023-04-27 17:02:50,970 - __main__ - INFO - Weather in Melbourne, AU: 20.19
2023-04-27 17:12:19,589 - __main__ - INFO - Token value: 123456
2023-04-27 17:12:20,241 - __main__ - INFO - Weather in Melbourne, AU: 20.43
2023-04-27 17:22:00,353 - __main__ - INFO - Token value: 123456
2023-04-27 17:22:00,937 - __main__ - INFO - Weather in Melbourne, AU: 20.43
2023-04-27 17:29:02,249 - __main__ - INFO - Token value: 123456
2023-04-27 17:29:02,879 - __main__ - INFO - Weather in Melbourne, AU: 20.43
2023-04-27 17:36:10,094 - __main__ - INFO - Token value: 123456
2023-04-27 17:36:10,681 - __main__ - INFO - Weather in Melbourne, AU: 20.43
2023-04-27 17:43:19,481 - __main__ - INFO - Token value: 123456
2023-04-27 17:43:20,403 - __main__ - INFO - Weather in Melbourne, AU: 20.21
2023-04-27 17:50:41,702 - __main__ - INFO - Token value: 123456
2023-04-27 17:50:42,148 - __main__ - INFO - Weather in Melbourne, AU: 20.11
2023-04-27 17:57:41,698 - __main__ - INFO - Token value: 123456
2023-04-27 17:57:41,850 - __main__ - INFO - Weather in Melbourne, AU: 20.21
2023-04-27 18:06:37,124 - __main__ - INFO - Token value: 123456
2023-04-27 18:06:37,308 - __main__ - INFO - Weather in Melbourne, AU: 20.11
2023-04-27 18:17:37,499 - __main__ - INFO - Token value: 123456
2023-04-27 18:17:38,231 - __main__ - INFO - Weather in Melbourne, AU: 20.21
2023-04-27 18:27:30,823 - __main__ - INFO - Token value: 123456
2023-04-27 18:27:31,512 - __main__ - INFO - Weather in Melbourne, AU: 20.11
2023-04-27 18:34:35,728 - __main__ - INFO - Token value: 123456
2023-04-27 18:34:36,172 - __main__ - INFO - Weather in Melbourne, AU: 20.11
2023-04-27 18:41:40,695 - __main__ - INFO - Token value: 123456
2023-04-27 18:41:40,833 - __main__ - INFO - Weather in Melbourne, AU: 20.11
2023-04-27 18:48:48,963 - __main__ - INFO - Token value: 123456
2023-04-27 18:48:49,111 - __main__ - INFO - Weather in Melbourne, AU: 20.11
2023-04-27 18:55:52,158 - __main__ - INFO - Token value: 123456
2023-04-27 18:55:52,655 - __main__ - INFO - Weather in Melbourne, AU: 19.02
2023-04-27 19:03:41,435 - __main__ - INFO - Token value: 123456
2023-04-27 19:03:41,818 - __main__ - INFO - Weather in Melbourne, AU: 19.02
2023-04-27 19:12:37,899 - __main__ - INFO - Token value: 123456
2023-04-27 19:12:38,252 - __main__ - INFO - Weather in Melbourne, AU: 18.83
2023-04-27 19:19:42,236 - __main__ - INFO - Token value: 123456
2023-04-27 19:19:42,647 - __main__ - INFO - Weather in Melbourne, AU: 19.02
2023-04-27 19:26:45,312 - __main__ - INFO - Token value: 123456
2023-04-27 19:26:45,786 - __main__ - INFO - Weather in Melbourne, AU: 18.83
2023-04-27 19:33:54,070 - __main__ - INFO - Token value: 123456
2023-04-27 19:33:54,512 - __main__ - INFO - Weather in Melbourne, AU: 19.02
2023-04-27 19:40:57,428 - __main__ - INFO - Token value: 123456
2023-04-27 19:40:57,581 - __main__ - INFO - Weather in Melbourne, AU: 19.02
2023-04-27 19:48:03,508 - __main__ - INFO - Token value: 123456
2023-04-27 19:48:03,776 - __main__ - INFO - Weather in Melbourne, AU: 19.02
2023-04-27 19:55:07,780 - __main__ - INFO - Token value: 123456
2023-04-27 19:55:08,246 - __main__ - INFO - Weather in Melbourne, AU: 18.83
2023-04-27 20:03:05,332 - __main__ - INFO - Token value: 123456
2023-04-27 20:03:05,761 - __main__ - INFO - Weather in Melbourne, AU: 18.83
2023-04-27 20:12:57,407 - __main__ - INFO - Token value: 123456
2023-04-27 20:12:57,891 - __main__ - INFO - Weather in Melbourne, AU: 18.37
2023-04-27 20:22:11,623 - __main__ - INFO - Token value: 123456
2023-04-27 20:22:12,241 - __main__ - INFO - Weather in Melbourne, AU: 18.37
2023-04-27 20:29:16,908 - __main__ - INFO - Token value: 123456
2023-04-27 20:29:17,381 - __main__ - INFO - Weather in Melbourne, AU: 18.37
2023-04-27 20:36:26,774 - __main__ - INFO - Token value: 123456
2023-04-27 20:36:27,395 - __main__ - INFO - Weather in Melbourne, AU: 18.37
2023-04-27 20:43:31,873 - __main__ - INFO - Token value: 123456
2023-04-27 20:43:32,057 - __main__ - INFO - Weather in Melbourne, AU: 18.37
2023-04-27 20:50:39,820 - __main__ - INFO - Token value: 123456
2023-04-27 20:50:40,303 - __main__ - INFO - Weather in Melbourne, AU: 18.37
2023-04-27 20:57:38,158 - __main__ - INFO - Token value: 123456
2023-04-27 20:57:38,339 - __main__ - INFO - Weather in Melbourne, AU: 18.37
2023-04-27 21:06:12,919 - __main__ - INFO - Token value: 123456
2023-04-27 21:06:13,445 - __main__ - INFO - Weather in Melbourne, AU: 18.37
2023-04-27 21:15:51,335 - __main__ - INFO - Token value: 123456
2023-04-27 21:15:51,507 - __main__ - INFO - Weather in Melbourne, AU: 18.37
2023-04-27 21:23:14,264 - __main__ - INFO - Token value: 123456
2023-04-27 21:23:14,789 - __main__ - INFO - Weather in Melbourne, AU: 18.29
2023-04-27 21:30:10,997 - __main__ - INFO - Token value: 123456
2023-04-27 21:30:11,173 - __main__ - INFO - Weather in Melbourne, AU: 18.29
2023-04-27 21:37:22,519 - __main__ - INFO - Token value: 123456
2023-04-27 21:37:23,014 - __main__ - INFO - Weather in Melbourne, AU: 18.11
2023-04-27 21:44:26,560 - __main__ - INFO - Token value: 123456
2023-04-27 21:44:27,162 - __main__ - INFO - Weather in Melbourne, AU: 18.29
2023-04-27 21:51:25,311 - __main__ - INFO - Token value: 123456
2023-04-27 21:51:25,448 - __main__ - INFO - Weather in Melbourne, AU: 18.11
2023-04-27 21:58:30,942 - __main__ - INFO - Token value: 123456
2023-04-27 21:58:31,110 - __main__ - INFO - Weather in Melbourne, AU: 18.11
2023-04-27 22:07:03,304 - __main__ - INFO - Token value: 123456
2023-04-27 22:07:03,733 - __main__ - INFO - Weather in Melbourne, AU: 18.11
2023-04-27 22:16:49,094 - __main__ - INFO - Token value: 123456
2023-04-27 22:16:49,560 - __main__ - INFO - Weather in Melbourne, AU: 18.29
2023-04-27 22:25:11,517 - __main__ - INFO - Token value: 123456
2023-04-27 22:25:12,153 - __main__ - INFO - Weather in Melbourne, AU: 18.14
2023-04-27 22:32:23,025 - __main__ - INFO - Token value: 123456
2023-04-27 22:32:23,609 - __main__ - INFO - Weather in Melbourne, AU: 18.14
2023-04-27 22:39:27,308 - __main__ - INFO - Token value: 123456
2023-04-27 22:39:27,800 - __main__ - INFO - Weather in Melbourne, AU: 18.58
2023-04-27 22:46:40,892 - __main__ - INFO - Token value: 123456
2023-04-27 22:46:41,472 - __main__ - INFO - Weather in Melbourne, AU: 18.14
2023-04-27 22:53:41,457 - __main__ - INFO - Token value: 123456
2023-04-27 22:53:41,918 - __main__ - INFO - Weather in Melbourne, AU: 18.58
2023-04-27 23:01:24,384 - __main__ - INFO - Token value: 123456
2023-04-27 23:01:24,970 - __main__ - INFO - Weather in Melbourne, AU: 18.14
2023-04-27 23:10:56,713 - __main__ - INFO - Token value: 123456
2023-04-27 23:10:57,108 - __main__ - INFO - Weather in Melbourne, AU: 18.58
2023-04-27 23:20:40,981 - __main__ - INFO - Token value: 123456
2023-04-27 23:20:41,491 - __main__ - INFO - Weather in Melbourne, AU: 18.58
2023-04-27 23:27:44,021 - __main__ - INFO - Token value: 123456
2023-04-27 23:27:44,218 - __main__ - INFO - Weather in Melbourne, AU: 19.0
2023-04-27 23:35:02,070 - __main__ - INFO - Token value: 123456
2023-04-27 23:35:02,647 - __main__ - INFO - Weather in Melbourne, AU: 19.0
2023-04-27 23:42:06,615 - __main__ - INFO - Token value: 123456
2023-04-27 23:42:06,779 - __main__ - INFO - Weather in Melbourne, AU: 19.0
2023-04-27 23:49:07,439 - __main__ - INFO - Token value: 123456
2023-04-27 23:49:07,748 - __main__ - INFO - Weather in Melbourne, AU: 19.0
2023-04-27 23:56:09,573 - __main__ - INFO - Token value: 123456
2023-04-27 23:56:10,198 - __main__ - INFO - Weather in Melbourne, AU: 19.6
2023-04-28 00:17:34,839 - __main__ - INFO - Token value: 123456
2023-04-28 00:17:35,261 - __main__ - INFO - Weather in Melbourne, AU: 19.6
2023-04-28 00:36:35,255 - __main__ - INFO - Token value: 123456
2023-04-28 00:36:35,848 - __main__ - INFO - Weather in Melbourne, AU: 20.56
2023-04-28 01:03:17,010 - __main__ - INFO - Token value: 123456
2023-04-28 01:03:17,619 - __main__ - INFO - Weather in Melbourne, AU: 20.83
2023-04-28 01:39:33,752 - __main__ - INFO - Token value: 123456
2023-04-28 01:39:34,221 - __main__ - INFO - Weather in Melbourne, AU: 20.83
2023-04-28 02:06:24,551 - __main__ - INFO - Token value: 123456
2023-04-28 02:06:25,133 - __main__ - INFO - Weather in Melbourne, AU: 21.7
2023-04-28 02:24:47,080 - __main__ - INFO - Token value: 123456
2023-04-28 02:24:47,559 - __main__ - INFO - Weather in Melbourne, AU: 21.7
2023-04-28 02:38:58,318 - __main__ - INFO - Token value: 123456
2023-04-28 02:38:58,807 - __main__ - INFO - Weather in Melbourne, AU: 21.7
2023-04-28 02:47:24,956 - __main__ - INFO - Token value: 123456
2023-04-28 02:47:25,410 - __main__ - INFO - Weather in Melbourne, AU: 21.7
2023-04-28 02:54:28,901 - __main__ - INFO - Token value: 123456
2023-04-28 02:54:29,654 - __main__ - INFO - Weather in Melbourne, AU: 21.6
2023-04-28 03:02:10,349 - __main__ - INFO - Token value: 123456
2023-04-28 03:02:10,956 - __main__ - INFO - Weather in Melbourne, AU: 21.7
2023-04-28 03:11:59,228 - __main__ - INFO - Token value: 123456
2023-04-28 03:11:59,856 - __main__ - INFO - Weather in Melbourne, AU: 19.28
2023-04-28 03:21:43,235 - __main__ - INFO - Token value: 123456
2023-04-28 03:21:43,709 - __main__ - INFO - Weather in Melbourne, AU: 19.28
2023-04-28 03:28:47,041 - __main__ - INFO - Token value: 123456
2023-04-28 03:28:47,521 - __main__ - INFO - Weather in Melbourne, AU: 21.6
2023-04-28 03:35:52,701 - __main__ - INFO - Token value: 123456
2023-04-28 03:35:53,303 - __main__ - INFO - Weather in Melbourne, AU: 21.6
2023-04-28 03:43:00,889 - __main__ - INFO - Token value: 123456
2023-04-28 03:43:01,679 - __main__ - INFO - Weather in Melbourne, AU: 19.28
2023-04-28 03:50:12,204 - __main__ - INFO - Token value: 123456
2023-04-28 03:50:12,698 - __main__ - INFO - Weather in Melbourne, AU: 21.6
2023-04-28 03:57:10,391 - __main__ - INFO - Token value: 123456
2023-04-28 03:57:10,909 - __main__ - INFO - Weather in Melbourne, AU: 16.55
2023-04-28 04:06:10,524 - __main__ - INFO - Token value: 123456
2023-04-28 04:06:10,998 - __main__ - INFO - Weather in Melbourne, AU: 16.55
2023-04-28 04:16:53,279 - __main__ - INFO - Token value: 123456
2023-04-28 04:16:54,492 - __main__ - INFO - Weather in Melbourne, AU: 16.5
2023-04-28 04:26:57,381 - __main__ - INFO - Token value: 123456
2023-04-28 04:26:57,861 - __main__ - INFO - Weather in Melbourne, AU: 16.55
2023-04-28 04:34:25,769 - __main__ - INFO - Token value: 123456
2023-04-28 04:34:26,317 - __main__ - INFO - Weather in Melbourne, AU: 16.5
2023-04-28 04:41:28,706 - __main__ - INFO - Token value: 123456
2023-04-28 04:41:29,120 - __main__ - INFO - Weather in Melbourne, AU: 16.5
2023-04-28 04:48:34,132 - __main__ - INFO - Token value: 123456
2023-04-28 04:48:34,635 - __main__ - INFO - Weather in Melbourne, AU: 16.55
2023-04-28 04:55:55,246 - __main__ - INFO - Token value: 123456
2023-04-28 04:55:55,794 - __main__ - INFO - Weather in Melbourne, AU: 16.5
2023-04-28 05:03:40,113 - __main__ - INFO - Token value: 123456
2023-04-28 05:03:40,544 - __main__ - INFO - Weather in Melbourne, AU: 15.41
2023-04-28 05:13:14,201 - __main__ - INFO - Token value: 123456
2023-04-28 05:13:14,743 - __main__ - INFO - Weather in Melbourne, AU: 16.5
2023-04-28 05:22:59,682 - __main__ - INFO - Token value: 123456
2023-04-28 05:23:00,412 - __main__ - INFO - Weather in Melbourne, AU: 14.58
2023-04-28 05:30:02,467 - __main__ - INFO - Token value: 123456
2023-04-28 05:30:02,999 - __main__ - INFO - Weather in Melbourne, AU: 15.41
2023-04-28 05:37:11,236 - __main__ - INFO - Token value: 123456
2023-04-28 05:37:11,554 - __main__ - INFO - Weather in Melbourne, AU: 14.58
2023-04-28 05:44:14,412 - __main__ - INFO - Token value: 123456
2023-04-28 05:44:14,970 - __main__ - INFO - Weather in Melbourne, AU: 15.41
2023-04-28 05:51:17,941 - __main__ - INFO - Token value: 123456
2023-04-28 05:51:18,220 - __main__ - INFO - Weather in Melbourne, AU: 15.41
2023-04-28 05:58:23,156 - __main__ - INFO - Token value: 123456
2023-04-28 05:58:23,465 - __main__ - INFO - Weather in Melbourne, AU: 14.58
2023-04-28 06:07:51,510 - __main__ - INFO - Token value: 123456
2023-04-28 06:07:51,974 - __main__ - INFO - Weather in Melbourne, AU: 14.58
2023-04-28 06:19:21,494 - __main__ - INFO - Token value: 123456
2023-04-28 06:19:22,354 - __main__ - INFO - Weather in Melbourne, AU: 14.09
2023-04-28 06:28:54,760 - __main__ - INFO - Token value: 123456
2023-04-28 06:28:55,321 - __main__ - INFO - Weather in Melbourne, AU: 14.09
2023-04-28 06:36:33,633 - __main__ - INFO - Token value: 123456
2023-04-28 06:36:33,892 - __main__ - INFO - Weather in Melbourne, AU: 13.97
2023-04-28 06:43:52,634 - __main__ - INFO - Token value: 123456
2023-04-28 06:43:53,412 - __main__ - INFO - Weather in Melbourne, AU: 14.09
2023-04-28 06:50:51,424 - __main__ - INFO - Token value: 123456
2023-04-28 06:50:51,694 - __main__ - INFO - Weather in Melbourne, AU: 14.09
2023-04-28 06:57:55,566 - __main__ - INFO - Token value: 123456
2023-04-28 06:57:55,840 - __main__ - INFO - Weather in Melbourne, AU: 13.97
2023-04-28 07:06:41,205 - __main__ - INFO - Token value: 123456
2023-04-28 07:06:41,491 - __main__ - INFO - Weather in Melbourne, AU: 14.09
2023-04-28 07:16:28,126 - __main__ - INFO - Token value: 123456
2023-04-28 07:16:28,304 - __main__ - INFO - Weather in Melbourne, AU: 13.97
2023-04-28 07:23:37,395 - __main__ - INFO - Token value: 123456
2023-04-28 07:23:37,883 - __main__ - INFO - Weather in Melbourne, AU: 13.69
2023-04-28 07:30:42,397 - __main__ - INFO - Token value: 123456
2023-04-28 07:30:43,146 - __main__ - INFO - Weather in Melbourne, AU: 13.69
2023-04-28 07:37:42,603 - __main__ - INFO - Token value: 123456
2023-04-28 07:37:43,085 - __main__ - INFO - Weather in Melbourne, AU: 13.66
2023-04-28 07:44:43,646 - __main__ - INFO - Token value: 123456
2023-04-28 07:44:44,158 - __main__ - INFO - Weather in Melbourne, AU: 13.66
2023-04-28 07:51:46,849 - __main__ - INFO - Token value: 123456
2023-04-28 07:51:47,410 - __main__ - INFO - Weather in Melbourne, AU: 13.69
2023-04-28 07:59:03,260 - __main__ - INFO - Token value: 123456
2023-04-28 07:59:03,631 - __main__ - INFO - Weather in Melbourne, AU: 13.69
2023-04-28 08:08:24,144 - __main__ - INFO - Token value: 123456
2023-04-28 08:08:24,298 - __main__ - INFO - Weather in Melbourne, AU: 13.66
2023-04-28 08:19:41,681 - __main__ - INFO - Token value: 123456
2023-04-28 08:19:42,154 - __main__ - INFO - Weather in Melbourne, AU: 13.69
2023-04-28 08:28:59,890 - __main__ - INFO - Token value: 123456
2023-04-28 08:29:00,451 - __main__ - INFO - Weather in Melbourne, AU: 13.19
2023-04-28 08:36:16,105 - __main__ - INFO - Token value: 123456
2023-04-28 08:36:16,554 - __main__ - INFO - Weather in Melbourne, AU: 13.66
2023-04-28 08:43:22,110 - __main__ - INFO - Token value: 123456
2023-04-28 08:43:22,758 - __main__ - INFO - Weather in Melbourne, AU: 13.23
2023-04-28 08:50:27,819 - __main__ - INFO - Token value: 123456
2023-04-28 08:50:28,373 - __main__ - INFO - Weather in Melbourne, AU: 13.23
2023-04-28 08:57:32,665 - __main__ - INFO - Token value: 123456
2023-04-28 08:57:33,032 - __main__ - INFO - Weather in Melbourne, AU: 13.19
2023-04-28 09:06:15,387 - __main__ - INFO - Token value: 123456
2023-04-28 09:06:15,772 - __main__ - INFO - Weather in Melbourne, AU: 13.19
2023-04-28 09:16:16,864 - __main__ - INFO - Token value: 123456
2023-04-28 09:16:17,030 - __main__ - INFO - Weather in Melbourne, AU: 13.19
2023-04-28 09:24:01,759 - __main__ - INFO - Token value: 123456
2023-04-28 09:24:02,319 - __main__ - INFO - Weather in Melbourne, AU: 13.23
2023-04-28 09:31:20,572 - __main__ - INFO - Token value: 123456
2023-04-28 09:31:21,304 - __main__ - INFO - Weather in Melbourne, AU: 13.23
2023-04-28 09:38:18,121 - __main__ - INFO - Token value: 123456
2023-04-28 09:38:18,394 - __main__ - INFO - Weather in Melbourne, AU: 13.23
2023-04-28 09:45:31,451 - __main__ - INFO - Token value: 123456
2023-04-28 09:45:32,200 - __main__ - INFO - Weather in Melbourne, AU: 12.98
2023-04-28 09:52:31,104 - __main__ - INFO - Token value: 123456
2023-04-28 09:52:31,535 - __main__ - INFO - Weather in Melbourne, AU: 12.98
2023-04-28 09:59:31,840 - __main__ - INFO - Token value: 123456
2023-04-28 09:59:32,180 - __main__ - INFO - Weather in Melbourne, AU: 12.98
2023-04-28 10:08:45,775 - __main__ - INFO - Token value: 123456
2023-04-28 10:08:46,262 - __main__ - INFO - Weather in Melbourne, AU: 12.98
2023-04-28 10:19:36,547 - __main__ - INFO - Token value: 123456
2023-04-28 10:19:37,132 - __main__ - INFO - Weather in Melbourne, AU: 12.97
2023-04-28 10:28:21,749 - __main__ - INFO - Token value: 123456
2023-04-28 10:28:22,204 - __main__ - INFO - Weather in Melbourne, AU: 12.97
2023-04-28 10:35:28,422 - __main__ - INFO - Token value: 123456
2023-04-28 10:35:29,301 - __main__ - INFO - Weather in Melbourne, AU: 12.98
2023-04-28 10:42:52,171 - __main__ - INFO - Token value: 123456
2023-04-28 10:42:52,937 - __main__ - INFO - Weather in Melbourne, AU: 12.98
2023-04-28 10:49:58,111 - __main__ - INFO - Token value: 123456
2023-04-28 10:49:58,698 - __main__ - INFO - Weather in Melbourne, AU: 12.97
2023-04-28 10:56:59,613 - __main__ - INFO - Token value: 123456
2023-04-28 10:57:00,078 - __main__ - INFO - Weather in Melbourne, AU: 12.97
2023-04-28 11:05:54,141 - __main__ - INFO - Token value: 123456
2023-04-28 11:05:54,821 - __main__ - INFO - Weather in Melbourne, AU: 12.97
2023-04-28 11:15:31,947 - __main__ - INFO - Token value: 123456
2023-04-28 11:15:32,587 - __main__ - INFO - Weather in Melbourne, AU: 12.57
2023-04-28 11:22:30,761 - __main__ - INFO - Token value: 123456
2023-04-28 11:22:31,109 - __main__ - INFO - Weather in Melbourne, AU: 12.57
2023-04-28 11:29:41,320 - __main__ - INFO - Token value: 123456
2023-04-28 11:29:41,960 - __main__ - INFO - Weather in Melbourne, AU: 12.57
2023-04-28 11:36:46,303 - __main__ - INFO - Token value: 123456
2023-04-28 11:36:46,778 - __main__ - INFO - Weather in Melbourne, AU: 12.57
2023-04-28 11:43:48,347 - __main__ - INFO - Token value: 123456
2023-04-28 11:43:48,531 - __main__ - INFO - Weather in Melbourne, AU: 12.57
2023-04-28 11:50:50,391 - __main__ - INFO - Token value: 123456
2023-04-28 11:50:50,535 - __main__ - INFO - Weather in Melbourne, AU: 12.57
2023-04-28 11:57:58,163 - __main__ - INFO - Token value: 123456
2023-04-28 11:57:58,647 - __main__ - INFO - Weather in Melbourne, AU: 12.57
2023-04-28 12:07:27,865 - __main__ - INFO - Token value: 123456
2023-04-28 12:07:28,004 - __main__ - INFO - Weather in Melbourne, AU: 12.57
2023-04-28 12:19:48,003 - __main__ - INFO - Token value: 123456
2023-04-28 12:19:48,463 - __main__ - INFO - Weather in Melbourne, AU: 12.57
2023-04-28 12:35:20,105 - __main__ - INFO - Token value: 123456
2023-04-28 12:35:20,796 - __main__ - INFO - Weather in Melbourne, AU: 12.32
2023-04-28 12:47:11,477 - __main__ - INFO - Token value: 123456
2023-04-28 12:47:11,657 - __main__ - INFO - Weather in Melbourne, AU: 12.32
2023-04-28 12:57:05,194 - __main__ - INFO - Token value: 123456
2023-04-28 12:57:05,776 - __main__ - INFO - Weather in Melbourne, AU: 12.32
2023-04-28 13:06:21,868 - __main__ - INFO - Token value: 123456
2023-04-28 13:06:22,322 - __main__ - INFO - Weather in Melbourne, AU: 12.32
